---- light / ericw-tools v0.18.1 ----
Raytracing backend: Embree
running with 12 threads
LoadBSPFile: 'FistFightMap.bsp'
BSP is version 29
--- LoadEntities ---
42 entities read, 39 are lights.
--- OptionsSummary ---
Embree_TraceInit: Embree version: 2.15.0
Embree_TraceInit:
	0 sky faces
	1634 solid faces
	0 filtered faces
	0 shadow-casting skip faces
SetupLights: 39 initial lights
SetupLights: 39 after surface lights
SetupLights: 39 after jittering
--- EstimateLightVisibility ---
0....1....2....3....4....5....6....7....8....9...
Final count: 39 lights 0 suns in use.
--- LightWorld ---
0....1....2....3....4....5....6....7....8....9....
Lighting Completed.

lightdatasize: 45359
0 switchable light styles (32 max)
Writing FistFightMap.bsp as BSP version 29
0.125 seconds elapsed

stats:
0.627623 lights tested, 0.482257 hits per sample point
0.000000 bounce lights tested, 0.000000 hits per sample point
0 empty lightmaps
